<?xml version="1.0" encoding="UTF-8"?>
<!-- Generated by org.testng.reporters.JUnitXMLReporter -->
<testsuite ignored="0" hostname="DESKTOP-KMSC2NJ" failures="0" tests="3" name="Default test" time="0.051" errors="0" timestamp="19 Aug 2023 17:44:11 GMT">
  <testcase classname="base.Baseclass1" name="@BeforeSuite invokeBrowser" time="0.0">
    <failure type="org.testng.TestNGException" message="
Parameter &amp;apos;browser&amp;apos; is required by BeforeSuite on method invokeBrowser but has not been marked @Optional or defined
in C:\Users\Aakash\AppData\Local\Temp\testng-eclipse-2037552654\testng-customsuite.xml">
      <![CDATA[org.testng.TestNGException: 
Parameter 'browser' is required by BeforeSuite on method invokeBrowser but has not been marked @Optional or defined
in C:\Users\Aakash\AppData\Local\Temp\testng-eclipse-2037552654\testng-customsuite.xml
at org.testng.internal.Parameters.createParams(Parameters.java:290)
at org.testng.internal.Parameters.createParametersForMethod(Parameters.java:359)
at org.testng.internal.Parameters.createParameters(Parameters.java:620)
at org.testng.internal.Parameters.createConfigurationParameters(Parameters.java:190)
at org.testng.internal.Invoker.invokeConfigurations(Invoker.java:209)
at org.testng.internal.Invoker.invokeConfigurations(Invoker.java:142)
at org.testng.SuiteRunner.privateRun(SuiteRunner.java:401)
at org.testng.SuiteRunner.run(SuiteRunner.java:364)
at org.testng.SuiteRunnerWorker.runSuite(SuiteRunnerWorker.java:52)
at org.testng.SuiteRunnerWorker.run(SuiteRunnerWorker.java:84)
at org.testng.TestNG.runSuitesSequentially(TestNG.java:1208)
at org.testng.TestNG.runSuitesLocally(TestNG.java:1137)
at org.testng.TestNG.runSuites(TestNG.java:1049)
at org.testng.TestNG.run(TestNG.java:1017)
at org.testng.remote.AbstractRemoteTestNG.run(AbstractRemoteTestNG.java:115)
at org.testng.remote.RemoteTestNG.initAndRun(RemoteTestNG.java:251)
at org.testng.remote.RemoteTestNG.main(RemoteTestNG.java:77)
]]>
    </failure>
  </testcase> <!-- @BeforeSuite invokeBrowser -->
  <testcase classname="Module.SmokeTest" name="testOne" time="0.0">
    <skipped/>
  </testcase> <!-- testOne -->
  <testcase classname="Module.SmokeTest" name="testTwo" time="0.0">
    <skipped/>
  </testcase> <!-- testTwo -->
  <testcase classname="Module.SmokeTest" name="testThree" time="0.0">
    <skipped/>
  </testcase> <!-- testThree -->
</testsuite> <!-- Default test -->
