<?xml version="1.0" encoding="UTF-8"?>
<!-- Generated by org.testng.reporters.JUnitXMLReporter -->
<testsuite hostname="DESKTOP-KMSC2NJ" ignored="2" name="Test" tests="3" failures="0" timestamp="14 Mar 2022 16:18:58 GMT" time="0.24" errors="0">
  <testcase name="@BeforeTest invokeBrowser" time="0.131" classname="base.Baseclass1">
    <failure type="java.lang.IllegalStateException" message="The driver executable does not exist: C:\Users\Aakash\eclipse-workspace\Project\src\test\Driver\chromedriver.exe">
      <![CDATA[java.lang.IllegalStateException: The driver executable does not exist: C:\Users\Aakash\eclipse-workspace\Project\src\test\Driver\chromedriver.exe
at com.google.common.base.Preconditions.checkState(Preconditions.java:585)
at org.openqa.selenium.remote.service.DriverService.checkExecutable(DriverService.java:146)
at org.openqa.selenium.remote.service.DriverService.findExecutable(DriverService.java:141)
at org.openqa.selenium.chrome.ChromeDriverService.access$000(ChromeDriverService.java:35)
at org.openqa.selenium.chrome.ChromeDriverService$Builder.findDefaultExecutable(ChromeDriverService.java:159)
at org.openqa.selenium.remote.service.DriverService$Builder.build(DriverService.java:355)
at org.openqa.selenium.chrome.ChromeDriverService.createDefaultService(ChromeDriverService.java:94)
at org.openqa.selenium.chrome.ChromeDriver.<init>(ChromeDriver.java:123)
at base.Baseclass1.invokeBrowser(Baseclass1.java:54)
... Removed 24 stack frames]]>
    </failure>
  </testcase> <!-- @BeforeTest invokeBrowser -->
  <testcase name="@AfterTest close" time="0.0" classname="base.Baseclass1">
    <skipped/>
  </testcase> <!-- @AfterTest close -->
  <testcase name="testOne" time="0.0" classname="Module.SmokeTest">
    <skipped/>
  </testcase> <!-- testOne -->
  <testcase name="testTwo" time="0.0" classname="Module.SmokeTest">
    <skipped/>
  </testcase> <!-- testTwo -->
  <testcase name="testThree" time="0.0" classname="Module.SmokeTest">
    <skipped/>
  </testcase> <!-- testThree -->
  <testcase name="@BeforeTest invokeBrowser" time="0.0" classname="base.Baseclass1">
    <ignored/>
  </testcase> <!-- @BeforeTest invokeBrowser -->
  <testcase name="@AfterTest close" time="0.0" classname="base.Baseclass1">
    <ignored/>
  </testcase> <!-- @AfterTest close -->
</testsuite> <!-- Test -->
